<?xml version="1.0" encoding="UTF-8"?>
<testng-results ignored="0" total="1" passed="1" failed="0" skipped="0">
  <reporter-output>
    <line>
      <![CDATA[ ---- DB Connection Successfull ---- ]]>
    </line>
    <line>
      <![CDATA[chrome--- Browser Launched ---- ]]>
    </line>
    <line>
      <![CDATA[ --- Logged In Sucessfully --- ]]>
    </line>
    <line>
      <![CDATA[ --- Logged Out Succesfully --- ]]>
    </line>
    <line>
      <![CDATA[ --- Browser closed Sucessfully --- ]]>
    </line>
    <line>
      <![CDATA[ --- Database Connection Closed Succesfully]]>
    </line>
  </reporter-output>
  <suite started-at="2022-09-23T13:39:49 IST" name="Suite" finished-at="2022-09-23T13:40:19 IST" duration-ms="30566">
    <groups>
      <group name="SmokeSuite">
        <method signature="BCOrgPomTest.Orgpom()[pri:0, instance:Vtiger.OrganizationTests.BCOrgPomTest@1ed6388a]" name="Orgpom" class="Vtiger.OrganizationTests.BCOrgPomTest"/>
      </group> <!-- SmokeSuite -->
    </groups>
    <test started-at="2022-09-23T13:39:49 IST" name="Test" finished-at="2022-09-23T13:40:19 IST" duration-ms="30566">
      <class name="Vtiger.OrganizationTests.BCOrgPomTest">
        <test-method is-config="true" signature="bsConfig()[pri:0, instance:Vtiger.OrganizationTests.BCOrgPomTest@1ed6388a]" started-at="2022-09-23T13:39:49 IST" name="bsConfig" finished-at="2022-09-23T13:39:49 IST" duration-ms="6" status="PASS">
          <reporter-output>
            <line>
              <![CDATA[ ---- DB Connection Successfull ---- ]]>
            </line>
          </reporter-output>
        </test-method> <!-- bsConfig -->
        <test-method is-config="true" signature="bcConfig()[pri:0, instance:Vtiger.OrganizationTests.BCOrgPomTest@1ed6388a]" started-at="2022-09-23T13:39:49 IST" name="bcConfig" finished-at="2022-09-23T13:39:53 IST" duration-ms="4131" status="PASS">
          <reporter-output>
            <line>
              <![CDATA[chrome--- Browser Launched ---- ]]>
            </line>
          </reporter-output>
        </test-method> <!-- bcConfig -->
        <test-method is-config="true" signature="bmConfig()[pri:0, instance:Vtiger.OrganizationTests.BCOrgPomTest@1ed6388a]" started-at="2022-09-23T13:39:53 IST" name="bmConfig" finished-at="2022-09-23T13:39:58 IST" duration-ms="5068" status="PASS">
          <reporter-output>
            <line>
              <![CDATA[ --- Logged In Sucessfully --- ]]>
            </line>
          </reporter-output>
        </test-method> <!-- bmConfig -->
        <test-method signature="Orgpom()[pri:0, instance:Vtiger.OrganizationTests.BCOrgPomTest@1ed6388a]" started-at="2022-09-23T13:39:58 IST" name="Orgpom" finished-at="2022-09-23T13:40:17 IST" duration-ms="19332" status="PASS">
          <reporter-output>
          </reporter-output>
        </test-method> <!-- Orgpom -->
        <test-method is-config="true" signature="amConfig()[pri:0, instance:Vtiger.OrganizationTests.BCOrgPomTest@1ed6388a]" started-at="2022-09-23T13:40:17 IST" name="amConfig" finished-at="2022-09-23T13:40:19 IST" duration-ms="1932" status="PASS">
          <reporter-output>
            <line>
              <![CDATA[ --- Logged Out Succesfully --- ]]>
            </line>
          </reporter-output>
        </test-method> <!-- amConfig -->
        <test-method is-config="true" signature="acConfig()[pri:0, instance:Vtiger.OrganizationTests.BCOrgPomTest@1ed6388a]" started-at="2022-09-23T13:40:19 IST" name="acConfig" finished-at="2022-09-23T13:40:19 IST" duration-ms="71" status="PASS">
          <reporter-output>
            <line>
              <![CDATA[ --- Browser closed Sucessfully --- ]]>
            </line>
          </reporter-output>
        </test-method> <!-- acConfig -->
        <test-method is-config="true" signature="asConfig()[pri:0, instance:Vtiger.OrganizationTests.BCOrgPomTest@1ed6388a]" started-at="2022-09-23T13:40:20 IST" name="asConfig" finished-at="2022-09-23T13:40:20 IST" duration-ms="0" status="PASS">
          <reporter-output>
            <line>
              <![CDATA[ --- Database Connection Closed Succesfully]]>
            </line>
          </reporter-output>
        </test-method> <!-- asConfig -->
      </class> <!-- Vtiger.OrganizationTests.BCOrgPomTest -->
    </test> <!-- Test -->
  </suite> <!-- Suite -->
</testng-results>
