<?xml version="1.0" encoding="UTF-8"?>
<testng-results ignored="0" total="1" passed="1" failed="0" skipped="0">
  <reporter-output>
    <line>
      <![CDATA[ ---- DB Connection Successfull ---- ]]>
    </line>
    <line>
      <![CDATA[chrome--- Browser Launched ---- ]]>
    </line>
    <line>
      <![CDATA[ --- Logged In Sucessfully --- ]]>
    </line>
    <line>
      <![CDATA[Org-created - test pass]]>
    </line>
    <line>
      <![CDATA[Contact created-pass]]>
    </line>
    <line>
      <![CDATA[ --- Logged Out Succesfully --- ]]>
    </line>
    <line>
      <![CDATA[ --- Browser closed Sucessfully --- ]]>
    </line>
    <line>
      <![CDATA[ --- Database Connection Closed Succesfully]]>
    </line>
  </reporter-output>
  <suite started-at="2022-09-21T18:40:09 IST" name="Default suite" finished-at="2022-09-21T18:40:34 IST" duration-ms="25259">
    <groups>
    </groups>
    <test started-at="2022-09-21T18:40:09 IST" name="Default test" finished-at="2022-09-21T18:40:34 IST" duration-ms="25259">
      <class name="Vtiger.ContactsTests.CreatecnwithOrgTest">
        <test-method is-config="true" signature="bsConfig()[pri:0, instance:Vtiger.ContactsTests.CreatecnwithOrgTest@5ba3f27a]" started-at="2022-09-21T18:40:09 IST" name="bsConfig" finished-at="2022-09-21T18:40:09 IST" duration-ms="6" status="PASS">
          <reporter-output>
            <line>
              <![CDATA[ ---- DB Connection Successfull ---- ]]>
            </line>
          </reporter-output>
        </test-method> <!-- bsConfig -->
        <test-method is-config="true" signature="bcConfig()[pri:0, instance:Vtiger.ContactsTests.CreatecnwithOrgTest@5ba3f27a]" started-at="2022-09-21T18:40:09 IST" name="bcConfig" finished-at="2022-09-21T18:40:11 IST" duration-ms="2267" status="PASS">
          <reporter-output>
            <line>
              <![CDATA[chrome--- Browser Launched ---- ]]>
            </line>
          </reporter-output>
        </test-method> <!-- bcConfig -->
        <test-method is-config="true" signature="bmConfig()[pri:0, instance:Vtiger.ContactsTests.CreatecnwithOrgTest@5ba3f27a]" started-at="2022-09-21T18:40:11 IST" name="bmConfig" finished-at="2022-09-21T18:40:14 IST" duration-ms="2460" status="PASS">
          <reporter-output>
            <line>
              <![CDATA[ --- Logged In Sucessfully --- ]]>
            </line>
          </reporter-output>
        </test-method> <!-- bmConfig -->
        <test-method signature="createcontactwithorg()[pri:0, instance:Vtiger.ContactsTests.CreatecnwithOrgTest@5ba3f27a]" started-at="2022-09-21T18:40:14 IST" name="createcontactwithorg" finished-at="2022-09-21T18:40:32 IST" duration-ms="18813" status="PASS">
          <reporter-output>
            <line>
              <![CDATA[Org-created - test pass]]>
            </line>
            <line>
              <![CDATA[Contact created-pass]]>
            </line>
          </reporter-output>
        </test-method> <!-- createcontactwithorg -->
        <test-method is-config="true" signature="amConfig()[pri:0, instance:Vtiger.ContactsTests.CreatecnwithOrgTest@5ba3f27a]" started-at="2022-09-21T18:40:32 IST" name="amConfig" finished-at="2022-09-21T18:40:34 IST" duration-ms="1596" status="PASS">
          <reporter-output>
            <line>
              <![CDATA[ --- Logged Out Succesfully --- ]]>
            </line>
          </reporter-output>
        </test-method> <!-- amConfig -->
        <test-method is-config="true" signature="acConfig()[pri:0, instance:Vtiger.ContactsTests.CreatecnwithOrgTest@5ba3f27a]" started-at="2022-09-21T18:40:34 IST" name="acConfig" finished-at="2022-09-21T18:40:34 IST" duration-ms="94" status="PASS">
          <reporter-output>
            <line>
              <![CDATA[ --- Browser closed Sucessfully --- ]]>
            </line>
          </reporter-output>
        </test-method> <!-- acConfig -->
        <test-method is-config="true" signature="asConfig()[pri:0, instance:Vtiger.ContactsTests.CreatecnwithOrgTest@5ba3f27a]" started-at="2022-09-21T18:40:34 IST" name="asConfig" finished-at="2022-09-21T18:40:34 IST" duration-ms="1" status="PASS">
          <reporter-output>
            <line>
              <![CDATA[ --- Database Connection Closed Succesfully]]>
            </line>
          </reporter-output>
        </test-method> <!-- asConfig -->
      </class> <!-- Vtiger.ContactsTests.CreatecnwithOrgTest -->
    </test> <!-- Default test -->
  </suite> <!-- Default suite -->
</testng-results>
